{"name": "test_product_view_sku", "status": "skipped", "statusDetails": {"message": "XFAIL Wait for fix bug #3445\n\nselenium.common.exceptions.NoSuchElementException: Message: no such element: Unable to locate element: {\"method\":\"css selector\",\"selector\":\"[class*=\"post-113400\"]\"}\n  (Session info: chrome=109.0.5414.168); For documentation on this error, please visit: https://www.selenium.dev/documentation/webdriver/troubleshooting/errors#no-such-element-exception\nStacktrace:\nBacktrace:\n\t(No symbol) [0x00DD6643]\n\t(No symbol) [0x00D6BE21]\n\t(No symbol) [0x00C6DA9D]\n\t(No symbol) [0x00CA1342]\n\t(No symbol) [0x00CA147B]\n\t(No symbol) [0x00CD8DC2]\n\t(No symbol) [0x00CBFDC4]\n\t(No symbol) [0x00CD6B09]\n\t(No symbol) [0x00CBFB76]\n\t(No symbol) [0x00C949C1]\n\t(No symbol) [0x00C95E5D]\n\tGetHandleVerifier [0x0104A142+2497106]\n\tGetHandleVerifier [0x010785D3+2686691]\n\tGetHandleVerifier [0x0107BB9C+2700460]\n\tGetHandleVerifier [0x00E83B10+635936]\n\t(No symbol) [0x00D74A1F]\n\t(No symbol) [0x00D7A418]\n\t(No symbol) [0x00D7A505]\n\t(No symbol) [0x00D8508B]\n\tBaseThreadInitThunk [0x74786A14+36]\n\tRtlInitializeExceptionChain [0x76F4AB4F+143]\n\tRtlInitializeExceptionChain [0x76F4AB1A+90]", "trace": "@pytest.mark.xfail(reason=\"Wait for fix bug #3445\")                                                        # каждый тест должен начинаться с test_\n    def test_product_view_sku():\n        \"\"\"\n        Test case WERT-1\n        \"\"\"\n    \t\t# Описываем опции запуска браузера\n        chrome_options = Options()\n        chrome_options.add_argument(\"start-maximized\") # открываем на полный экран\n        chrome_options.add_argument(\"--disable-infobars\") # отключаем инфо сообщения\n        chrome_options.add_argument(\"--disable-extensions\") # отключаем расширения\n        # chrome_options.add_argument(\"--headless\") # спец. режим \"без браузера\"\n    \n    \t\t# устанавливаем webdriver в соответствии с версией используемого браузера\n        service = Service()\n        # запускаем браузер с указанными выше настройками\n        driver = webdriver.Chrome(service=service, options=chrome_options)\n    \t\t# определяем адрес страницы для теста и переходим на неё\n        url = \"https://testqastudio.me/\"\n        driver.get(url=url)\n    \t\t# ищем по селектору элемент меню \"Бестселлеры\" и кликаем по нему\n        element = driver.find_element(by=By.CSS_SELECTOR, value=\"[class*='tab-best_sellers']\")\n        element.click()\n    \t\t# ищем по селектору карточку \"ДИВВИНА Журнальный столик\" и кликаем по нему,\n        # чтобы просмотреть детали\n>       element = driver.find_element(by=By.CSS_SELECTOR, value='[class*=\"post-113400\"]')\n\ntests\\test_smoke.py:33: \n_ _ _ _ _ _ _ _ _ _ _ _ _ _ _ _ _ _ _ _ _ _ _ _ _ _ _ _ _ _ _ _ _ _ _ _ _ _ _ _ _ _ _ _ _ _ _ _ _ _ _ _ _ _ _ _ _ _ _ _ _ _ _ _ _ _ _ _ _ _\n..\\..\\AppData\\Local\\Programs\\Python\\Python312\\Lib\\site-packages\\selenium\\webdriver\\remote\\webdriver.py:738: in find_element\n    return self.execute(Command.FIND_ELEMENT, {\"using\": by, \"value\": value})[\"value\"]\n..\\..\\AppData\\Local\\Programs\\Python\\Python312\\Lib\\site-packages\\selenium\\webdriver\\remote\\webdriver.py:344: in execute\n    self.error_handler.check_response(response)\n_ _ _ _ _ _ _ _ _ _ _ _ _ _ _ _ _ _ _ _ _ _ _ _ _ _ _ _ _ _ _ _ _ _ _ _ _ _ _ _ _ _ _ _ _ _ _ _ _ _ _ _ _ _ _ _ _ _ _ _ _ _ _ _ _ _ _ _ _ _\n\nself = <selenium.webdriver.remote.errorhandler.ErrorHandler object at 0x0000000D6B10B080>\nresponse = {'status': 404, 'value': '{\"value\":{\"error\":\"no such element\",\"message\":\"no such element: Unable to locate element: {\\...74786A14+36]\\\\n\\\\tRtlInitializeExceptionChain [0x76F4AB4F+143]\\\\n\\\\tRtlInitializeExceptionChain [0x76F4AB1A+90]\\\\n\"}}'}\n\n    def check_response(self, response: Dict[str, Any]) -> None:\n        \"\"\"Checks that a JSON response from the WebDriver does not have an\n        error.\n    \n        :Args:\n         - response - The JSON response from the WebDriver server as a dictionary\n           object.\n    \n        :Raises: If the response contains an error message.\n        \"\"\"\n        status = response.get(\"status\", None)\n        if not status or status == ErrorCode.SUCCESS:\n            return\n        value = None\n        message = response.get(\"message\", \"\")\n        screen: str = response.get(\"screen\", \"\")\n        stacktrace = None\n        if isinstance(status, int):\n            value_json = response.get(\"value\", None)\n            if value_json and isinstance(value_json, str):\n                import json\n    \n                try:\n                    value = json.loads(value_json)\n                    if len(value) == 1:\n                        value = value[\"value\"]\n                    status = value.get(\"error\", None)\n                    if not status:\n                        status = value.get(\"status\", ErrorCode.UNKNOWN_ERROR)\n                        message = value.get(\"value\") or value.get(\"message\")\n                        if not isinstance(message, str):\n                            value = message\n                            message = message.get(\"message\")\n                    else:\n                        message = value.get(\"message\", None)\n                except ValueError:\n                    pass\n    \n        exception_class: Type[WebDriverException]\n        e = ErrorCode()\n        error_codes = [item for item in dir(e) if not item.startswith(\"__\")]\n        for error_code in error_codes:\n            error_info = getattr(ErrorCode, error_code)\n            if isinstance(error_info, list) and status in error_info:\n                exception_class = getattr(ExceptionMapping, error_code, WebDriverException)\n                break\n        else:\n            exception_class = WebDriverException\n    \n        if not value:\n            value = response[\"value\"]\n        if isinstance(value, str):\n            raise exception_class(value)\n        if message == \"\" and \"message\" in value:\n            message = value[\"message\"]\n    \n        screen = None  # type: ignore[assignment]\n        if \"screen\" in value:\n            screen = value[\"screen\"]\n    \n        stacktrace = None\n        st_value = value.get(\"stackTrace\") or value.get(\"stacktrace\")\n        if st_value:\n            if isinstance(st_value, str):\n                stacktrace = st_value.split(\"\\n\")\n            else:\n                stacktrace = []\n                try:\n                    for frame in st_value:\n                        line = frame.get(\"lineNumber\", \"\")\n                        file = frame.get(\"fileName\", \"<anonymous>\")\n                        if line:\n                            file = f\"{file}:{line}\"\n                        meth = frame.get(\"methodName\", \"<anonymous>\")\n                        if \"className\" in frame:\n                            meth = f\"{frame['className']}.{meth}\"\n                        msg = \"    at %s (%s)\"\n                        msg = msg % (meth, file)\n                        stacktrace.append(msg)\n                except TypeError:\n                    pass\n        if exception_class == UnexpectedAlertPresentException:\n            alert_text = None\n            if \"data\" in value:\n                alert_text = value[\"data\"].get(\"text\")\n            elif \"alert\" in value:\n                alert_text = value[\"alert\"].get(\"text\")\n            raise exception_class(message, screen, stacktrace, alert_text)  # type: ignore[call-arg]  # mypy is not smart enough here\n>       raise exception_class(message, screen, stacktrace)\nE       selenium.common.exceptions.NoSuchElementException: Message: no such element: Unable to locate element: {\"method\":\"css selector\",\"selector\":\"[class*=\"post-113400\"]\"}\nE         (Session info: chrome=109.0.5414.168); For documentation on this error, please visit: https://www.selenium.dev/documentation/webdriver/troubleshooting/errors#no-such-element-exception\nE       Stacktrace:\nE       Backtrace:\nE       \t(No symbol) [0x00DD6643]\nE       \t(No symbol) [0x00D6BE21]\nE       \t(No symbol) [0x00C6DA9D]\nE       \t(No symbol) [0x00CA1342]\nE       \t(No symbol) [0x00CA147B]\nE       \t(No symbol) [0x00CD8DC2]\nE       \t(No symbol) [0x00CBFDC4]\nE       \t(No symbol) [0x00CD6B09]\nE       \t(No symbol) [0x00CBFB76]\nE       \t(No symbol) [0x00C949C1]\nE       \t(No symbol) [0x00C95E5D]\nE       \tGetHandleVerifier [0x0104A142+2497106]\nE       \tGetHandleVerifier [0x010785D3+2686691]\nE       \tGetHandleVerifier [0x0107BB9C+2700460]\nE       \tGetHandleVerifier [0x00E83B10+635936]\nE       \t(No symbol) [0x00D74A1F]\nE       \t(No symbol) [0x00D7A418]\nE       \t(No symbol) [0x00D7A505]\nE       \t(No symbol) [0x00D8508B]\nE       \tBaseThreadInitThunk [0x74786A14+36]\nE       \tRtlInitializeExceptionChain [0x76F4AB4F+143]\nE       \tRtlInitializeExceptionChain [0x76F4AB1A+90]\n\n..\\..\\AppData\\Local\\Programs\\Python\\Python312\\Lib\\site-packages\\selenium\\webdriver\\remote\\errorhandler.py:229: NoSuchElementException"}, "description": "\n    Test case WERT-1\n    ", "start": 1697937606954, "stop": 1697937620875, "uuid": "e6007e06-6d11-4fc9-b677-260b06d92f0f", "historyId": "b182a51fe23b38aee766531a5bd60411", "testCaseId": "b182a51fe23b38aee766531a5bd60411", "fullName": "tests.test_smoke#test_product_view_sku", "labels": [{"name": "tag", "value": "@pytest.mark.xfail(reason='Wait for fix bug #3445')"}, {"name": "parentSuite", "value": "tests"}, {"name": "suite", "value": "test_smoke"}, {"name": "host", "value": "userpc"}, {"name": "thread", "value": "5972-MainThread"}, {"name": "framework", "value": "pytest"}, {"name": "language", "value": "cpython3"}, {"name": "package", "value": "tests.test_smoke"}]}