{"name": "test_product_view_sku", "status": "skipped", "statusDetails": {"message": "XFAIL Wait for fix bug #3445\n\nAssertionError: Unexpected sku\nassert 'BFB9ZOK210' == 'BFB9ZOK2109'\n  - BFB9ZOK2109\n  ?           -\n  + BFB9ZOK210", "trace": "@pytest.mark.xfail(reason=\"Wait for fix bug #3445\")                                                        # каждый тест должен начинаться с test_\n    def test_product_view_sku():\n        \"\"\"\n        Test case WERT-1\n        \"\"\"\n    \t\t# Описываем опции запуска браузера\n        chrome_options = Options()\n        chrome_options.add_argument(\"start-maximized\") # открываем на полный экран\n        chrome_options.add_argument(\"--disable-infobars\") # отключаем инфо сообщения\n        chrome_options.add_argument(\"--disable-extensions\") # отключаем расширения\n        # chrome_options.add_argument(\"--headless\") # спец. режим \"без браузера\"\n    \n    \t\t# устанавливаем webdriver в соответствии с версией используемого браузера\n        service = Service()\n        # запускаем браузер с указанными выше настройками\n        driver = webdriver.Chrome(service=service, options=chrome_options)\n    \t\t# определяем адрес страницы для теста и переходим на неё\n        url = \"https://testqastudio.me/\"\n        driver.get(url=url)\n    \t\t# ищем по селектору элемент меню \"Бестселлеры\" и кликаем по нему\n        element = driver.find_element(by=By.CSS_SELECTOR, value=\"[class*='tab-best_sellers']\")\n        element.click()\n    \t\t# ищем по селектору карточку \"ДИВВИНА Журнальный столик\" и кликаем по нему,\n        # чтобы просмотреть детали\n        element = driver.find_element(by=By.CSS_SELECTOR, value='[class*=\"post-11340\"]')\n        element.click()\n    \t\t# ищем по имени класса артикул для \"Журнального столика\"\n        sku = driver.find_element(By.CLASS_NAME, value=\"sku\")\n    \t\t# проверяем соответствие\n>       assert sku.text == 'BFB9ZOK2109', \"Unexpected sku\"\nE       AssertionError: Unexpected sku\nE       assert 'BFB9ZOK210' == 'BFB9ZOK2109'\nE         - BFB9ZOK2109\nE         ?           -\nE         + BFB9ZOK210\n\ntests\\test_smoke.py:38: AssertionError"}, "description": "\n    Test case WERT-1\n    ", "start": 1697937672973, "stop": 1697937691666, "uuid": "5f54378f-f0cf-47a8-b5bb-7fcf1cda01ce", "historyId": "b182a51fe23b38aee766531a5bd60411", "testCaseId": "b182a51fe23b38aee766531a5bd60411", "fullName": "tests.test_smoke#test_product_view_sku", "labels": [{"name": "tag", "value": "@pytest.mark.xfail(reason='Wait for fix bug #3445')"}, {"name": "parentSuite", "value": "tests"}, {"name": "suite", "value": "test_smoke"}, {"name": "host", "value": "userpc"}, {"name": "thread", "value": "552-MainThread"}, {"name": "framework", "value": "pytest"}, {"name": "language", "value": "cpython3"}, {"name": "package", "value": "tests.test_smoke"}]}